2023-Aug-26 09:36:23 am [main] INFO  com.qa.automation.stepdefs.StepDefs - Setting up for browser path is completed
2023-Aug-26 09:36:23 am [main] INFO  com.qa.automation.stepdefs.StepDefs - Setting up chrome binary
2023-Aug-26 09:36:24 am [main] INFO  com.qa.automation.stepdefs.StepDefs - Browser Got Opened
2023-Aug-26 09:36:24 am [main] INFO  com.qa.automation.stepdefs.StepDefs - Browser got maximized
2023-Aug-26 09:36:24 am [main] INFO  com.qa.automation.stepdefs.StepDefs - Browser cookies got deleted
2023-Aug-26 09:36:24 am [main] INFO  com.qa.automation.stepdefs.StepDefs - Implicit timeout set for 20
2023-Aug-26 09:36:30 am [main] INFO  com.qa.automation.stepdefs.StepDefs - User navigated to appication URL as -> https://www.amazon.in/
2023-Aug-26 09:36:30 am [main] INFO  com.qa.automation.stepdefs.StepDefs - Home page title validation is successful with title as Online Shopping site in India: Shop Online for Mobiles, Books, Watches, Shoes and More - Amazon.in
2023-Aug-26 09:36:31 am [main] INFO  com.qa.automation.stepdefs.StepDefs - Sent keys in searchbox to find a product as Laptop
2023-Aug-26 09:36:35 am [main] INFO  com.qa.automation.stepdefs.StepDefs - Clicked on search button
2023-Aug-26 09:36:35 am [main] INFO  com.qa.automation.stepdefs.StepDefs - Product search result is displayed containing the prod name in title as with keyword Laptop
2023-Aug-26 09:36:35 am [main] INFO  com.qa.automation.stepdefs.StepDefs - Browser got closed
2023-Aug-26 09:36:35 am [main] INFO  com.qa.automation.stepdefs.StepDefs - Setting up for browser path is completed
2023-Aug-26 09:36:35 am [main] INFO  com.qa.automation.stepdefs.StepDefs - Setting up chrome binary
2023-Aug-26 09:36:35 am [main] INFO  com.qa.automation.stepdefs.StepDefs - Browser Got Opened
2023-Aug-26 09:36:36 am [main] INFO  com.qa.automation.stepdefs.StepDefs - Browser got maximized
2023-Aug-26 09:36:36 am [main] INFO  com.qa.automation.stepdefs.StepDefs - Browser cookies got deleted
2023-Aug-26 09:36:36 am [main] INFO  com.qa.automation.stepdefs.StepDefs - Implicit timeout set for 20
2023-Aug-26 09:36:41 am [main] INFO  com.qa.automation.stepdefs.StepDefs - User navigated to appication URL as -> https://www.amazon.in/
2023-Aug-26 09:36:41 am [main] INFO  com.qa.automation.stepdefs.StepDefs - Home page title validation is successful with title as Online Shopping site in India: Shop Online for Mobiles, Books, Watches, Shoes and More - Amazon.in
2023-Aug-26 09:36:42 am [main] INFO  com.qa.automation.stepdefs.StepDefs - Sent keys in searchbox to find a product as Mobile
2023-Aug-26 09:36:44 am [main] INFO  com.qa.automation.stepdefs.StepDefs - Clicked on search button
2023-Aug-26 09:36:45 am [main] INFO  com.qa.automation.stepdefs.StepDefs - Product search result is displayed containing the prod name in title as with keyword Mobile
2023-Aug-26 09:36:45 am [main] INFO  com.qa.automation.stepdefs.StepDefs - Browser got closed
2023-Aug-26 09:36:45 am [main] INFO  com.qa.automation.stepdefs.StepDefs - Setting up for browser path is completed
2023-Aug-26 09:36:45 am [main] INFO  com.qa.automation.stepdefs.StepDefs - Setting up chrome binary
2023-Aug-26 09:36:45 am [main] INFO  com.qa.automation.stepdefs.StepDefs - Browser Got Opened
2023-Aug-26 09:36:46 am [main] INFO  com.qa.automation.stepdefs.StepDefs - Browser got maximized
2023-Aug-26 09:36:46 am [main] INFO  com.qa.automation.stepdefs.StepDefs - Browser cookies got deleted
2023-Aug-26 09:36:46 am [main] INFO  com.qa.automation.stepdefs.StepDefs - Implicit timeout set for 20
2023-Aug-26 09:36:50 am [main] INFO  com.qa.automation.stepdefs.StepDefs - User navigated to appication URL as -> https://www.amazon.in/
2023-Aug-26 09:36:50 am [main] INFO  com.qa.automation.stepdefs.StepDefs - Home page title validation is successful with title as Online Shopping site in India: Shop Online for Mobiles, Books, Watches, Shoes and More - Amazon.in
2023-Aug-26 09:36:51 am [main] INFO  com.qa.automation.stepdefs.StepDefs - Sent keys in searchbox to find a product as Headphone
2023-Aug-26 09:36:54 am [main] INFO  com.qa.automation.stepdefs.StepDefs - Clicked on search button
2023-Aug-26 09:36:54 am [main] INFO  com.qa.automation.stepdefs.StepDefs - Product search result is displayed containing the prod name in title as with keyword Headphone
2023-Aug-26 09:36:54 am [main] INFO  com.qa.automation.stepdefs.StepDefs - Browser got closed
2023-Aug-26 09:36:54 am [main] INFO  com.qa.automation.stepdefs.StepDefs - Setting up for browser path is completed
2023-Aug-26 09:36:54 am [main] INFO  com.qa.automation.stepdefs.StepDefs - Setting up chrome binary
2023-Aug-26 09:36:55 am [main] INFO  com.qa.automation.stepdefs.StepDefs - Browser Got Opened
2023-Aug-26 09:36:55 am [main] INFO  com.qa.automation.stepdefs.StepDefs - Browser got maximized
2023-Aug-26 09:36:55 am [main] INFO  com.qa.automation.stepdefs.StepDefs - Browser cookies got deleted
2023-Aug-26 09:36:55 am [main] INFO  com.qa.automation.stepdefs.StepDefs - Implicit timeout set for 20
2023-Aug-26 09:37:00 am [main] INFO  com.qa.automation.stepdefs.StepDefs - User navigated to appication URL as -> https://www.amazon.in/
2023-Aug-26 09:37:00 am [main] INFO  com.qa.automation.stepdefs.StepDefs - Home page title validation is successful with title as Online Shopping site in India: Shop Online for Mobiles, Books, Watches, Shoes and More - Amazon.in
2023-Aug-26 09:37:01 am [main] INFO  com.qa.automation.stepdefs.StepDefs - Sent keys in searchbox to find a product as Power Bank
2023-Aug-26 09:37:04 am [main] INFO  com.qa.automation.stepdefs.StepDefs - Clicked on search button
2023-Aug-26 09:37:04 am [main] INFO  com.qa.automation.stepdefs.StepDefs - Product search result is displayed containing the prod name in title as with keyword Power Bank
2023-Aug-26 09:37:04 am [main] INFO  com.qa.automation.stepdefs.StepDefs - Browser got closed
2023-Aug-26 09:37:04 am [main] INFO  com.qa.automation.stepdefs.StepDefs - Setting up for browser path is completed
2023-Aug-26 09:37:04 am [main] INFO  com.qa.automation.stepdefs.StepDefs - Setting up chrome binary
2023-Aug-26 09:37:05 am [main] INFO  com.qa.automation.stepdefs.StepDefs - Browser Got Opened
2023-Aug-26 09:37:05 am [main] INFO  com.qa.automation.stepdefs.StepDefs - Browser got maximized
2023-Aug-26 09:37:05 am [main] INFO  com.qa.automation.stepdefs.StepDefs - Browser cookies got deleted
2023-Aug-26 09:37:05 am [main] INFO  com.qa.automation.stepdefs.StepDefs - Implicit timeout set for 20
2023-Aug-26 09:37:10 am [main] INFO  com.qa.automation.stepdefs.StepDefs - User navigated to appication URL as -> https://www.amazon.in/
2023-Aug-26 09:37:10 am [main] INFO  com.qa.automation.stepdefs.StepDefs - Home page title validation is successful with title as Online Shopping site in India: Shop Online for Mobiles, Books, Watches, Shoes and More - Amazon.in
2023-Aug-26 09:37:11 am [main] INFO  com.qa.automation.stepdefs.StepDefs - Sent keys in searchbox to find a product as Power Bank
2023-Aug-26 09:37:15 am [main] INFO  com.qa.automation.stepdefs.StepDefs - Clicked on search button
2023-Aug-26 09:37:15 am [main] INFO  com.qa.automation.stepdefs.StepDefs - Captured the list of products
2023-Aug-26 09:37:16 am [main] INFO  com.qa.automation.stepdefs.StepDefs - Clicked on the first product form the captured list
2023-Aug-26 09:37:16 am [main] INFO  com.qa.automation.stepdefs.StepDefs - captured the window handles
2023-Aug-26 09:37:16 am [main] INFO  com.qa.automation.stepdefs.StepDefs - switched to the new tab
2023-Aug-26 09:37:21 am [main] INFO  com.qa.automation.stepdefs.StepDefs - Product with title in new tab is displayed
2023-Aug-26 09:37:21 am [main] INFO  com.qa.automation.stepdefs.StepDefs - Att to cart button is displayed
2023-Aug-26 09:37:21 am [main] INFO  com.qa.automation.stepdefs.StepDefs - driver switched back to original window
2023-Aug-26 09:37:21 am [main] INFO  com.qa.automation.stepdefs.StepDefs - Browser got closed
